1708378
1016225
1128123
1711866
79060
74754
1279495
1279496
85629
1239935
1265473
1265472
1265471
1265474
1662093
1662094
1662095
1656128
1656159
1656168
1656179
1656082
1656180
1656164
1656141
1656181
1656176
1656137
1656169
1656178
1656162
1656182
1656175
1656172
1656144
1656110
1656183
1656161
1656101
1656116
1656177
1656153
1656158
1656167
1656134
1656155
1656165
1656080
1656160
1656139
1656066
1656154
1656115
1656114
1656126
1656086
1656068
1656071
1656065
1656174
1656117
1656136
1656184
1656140
1656102
1656085
725278
445751
1553551
1553550
861212
1671014
599307
599008
599452
599066
601913
598786
1679678
877512
876834
1012326
1013019
1012744
1259132
1300108
357677
121323
1365761
999252
780294
778731
782311
780047
782310
779000
778871
1088337
1088336
1088338
1088340
1628903
1629527
1629262
1395161
673353
673352
673354
1400274
1367030
1332748
1332750
1332749
1332747
1332752
1332753
1332751
1419874
1513194
777305
777306
1061194
66697
1117365
632191
1652144
1652093
205154
205934
1073526
1581836
958974
270019
270125
270052
686420
686423
1161960
1327841
1327582
1329285
1328020
1327503
200373
1096107
1096108
296603
295398
234637
236022
236021
1521409
1521814
784317
784319
784315
784323
784322
784321
784320
122653
122654
717179
717285
718149
1789575
470837
464980
471008
472017
466130
470907
470534
471704
471505
466925
465416
469791
271508
1445169
628983
1595557
1004722
1049993
1049994
1049995
1389125
1313443
1314612
1314375
1313455
899687
1343096
812779
1637718
105950
700969
1626883
840870
1805347
1638665
1639998
827806
207594
1227509
1227510
1645019
1645018
455244
689864
292152
292042
291103
971050
405931
405932
213110
213112
213111
457570
597430
597116
624913
1035600
1035601
488242
1499793
109177
1120195
1119788
176457
377198
377196
377197
377199
377195
377194
617423
1100901
402634
402633
402636
402629
402625
402635
402632
402626
402624
402631
402627
1446883
657452
1549551
1549550
1067189
1067199
1067155
1431397
1431104
17775
529655
529921
1058971
1059288
563949
442057
442056
143336
143127
202472
201952
522962
522964
522963
522960
522959
522961
522958
983353
1522357
1576888
1576445
505155
506253
506254
1235023
239666
239665
977135
977134
699171
866180
866179
866178
51344
52308
799103
610957
1284265
606322
606647
1767933
536118
536957
536964
1223559
1761136
568634
486967
183793
183382
1719144
375539
375541
375540
68835
388068
388347
1563037
1563036
1435471
43484
43485
1569858
1569857
888516
1752205
798586
798585
798583
798584
432241
432240
431636
432242
1045108
1045107
996113
996114
1555011
1554583
1554906
149457
687514
1657595
1398254
1398255
1299637
334274
1796480
1796483
1796481
1796484
1796479
1796478
246230
727066
526300
526301
526299
737988
737995
737996
737992
737989
737990
737991
737994
737993
1740010
1418469
1610354
1610353
968416
969810
969159
969457
771364
1635780
1634915
1635796
545137
544755
358833
592751
590158
286711
283484
282331
284282
282346
283458
283764
1216233
1811783
1229264
1229265
1229266
1213834
631914
1409494
1671557
954040
954039
954037
954038
139982
138939
142348
142771
142089
140276
1505838
959871
959874
959873
959875
959876
1215079
754479
754665
754666
631415
1744332
1142991
977604
954863
954869
954866
954868
954864
954865
954867
954871
954862
954870
1014756
1261333
1261335
984299
985898
1632510
1633278
1501700
179867
180378
180409
538263
987116
987113
987118
987115
987114
987117
442416
448729
448079
448730
448728
414150
1151152
1151118
1788466
1788465
1002401
1002599
606083
606086
606077
606089
606088
606091
606090
606074
606087
606085
606072
606070
606082
606084
482545
480519
958028
1475990
1108854
1516706
1357924
1360040
1357329
177927
875328
1037705
1037287
240253
1314779
1172584
1176379
1176381
1176378
98599
1821811
627600
677425
958387
366101
1333588
34932
528144
528143
1757073
398286
398287
398289
398290
398288
529344
529346
529347
529345
529342
957810
368226
728465
1026542
318668
320139
320682
319713
319457
317859
319193
518927
518926
518924
1723095
1101932
1101933
966066
515545
1285057
640360
110318
110193
1086996
1087212
1087206
1087204
1560298
1559209
1558144
1816610
1816065
1816608
1816609
774337
1837366
942785
332911
331052
330085
329162
332767
332765
332766
739192
742961
1572253
1572710
1640913
726670
1838968
1839348
1838098
1839810
1347944
1023617
1276407
1274079
713544
240359
240615
1573824
1574053
1573789
1573759
1573901
663224
1506895
1506894
1411734
1411958
167402
165598
165865
165711
165796
213164
213400
1108801
678101
258051
258052
1796333
1796335
1796336
1796332
1796337
1796334
75849
168908
171319
36252
123051
123052
123049
123048
123050
821531
821530
821533
816233
821532
497112
1279265
1279266
744555
744557
744558
744556
1061145
1061148
1061144
1061146
1061142
1061147
1061139
1061140
1061141
1680903
613572
1347838
1599986
1777241
59235
1521261
1008118
1008123
1008122
1008119
1240409
1240494
1634618
1634617
1634623
1634621
1634615
1634622
1634619
1634620
983400
891741
744607
744615
744618
744595
744573
744622
744621
744604
744580
744620
744630
744627
744601
744585
744570
744608
744632
744579
744597
744598
744613
744629
744591
744584
744611
744612
744594
744592
744628
744624
1586524
617706
126484
659586
659590
659591
659588
659593
659594
659589
659587
433744
433256
160481
193093
1486224
1486222
1486223
353226
628963
1739552
1739551
645111
645115
496307
1654195
275757
275745
275744
275748
275755
275752
275750
275756
275759
275753
275754
275751
275749
275758
275746
275760
275742
1015148
1648771
762964
763537
762532
760738
762952
763328
923793
764180
764964
764955
768621
767406
764799
764035
765805
764590
1579887
1578632
1578970
1406183
1242343
1243383
1243380
1243379
1243381
1243384
1243382
238246
239001
1540036
1540922
1539922
1616472
1616476
1616475
1616473
811548
811546
376004
321900
789518
789881
790894
1739855
572129
570731
572162
514190
514076
514191
1650044
1650043
954908
122395
30087
29537
334700
338126
337451
334925
341032
338032
336741
337752
334751
336392
341030
341031
335567
336404
338125
336103
299529
299530
436419
437017
695065
695064
692567
874924
874925
1544060
1187672
1187677
1187194
40321
110500
206030
624335
624334
1126471
1127024
939753
939752
939751
1027543
1027546
1027545
1027544
1027542
1654828
222382
222384
222383
1741758
1743408
1742074
1743390
1743391
1351667
1351668
1351666
1346090
1345824
1346022
1345968
647653
647377
1673566
443986
443708
935198
605661
605660
475055
475052
475051
475053
475048
475054
475047
475050
475049
148421
1702866
1702686
1151569
216093
217126
217980
216284
216584
216169
217688
218455
216292
215806
216278
1697188
1697189
1506323
1671244
1279542
1279541
1128724
904971
904972
377474
377471
377472
377470
377473
1254908
67714
15296
15300
15295
15292
15302
15301
15297
15288
15293
1446280
1310321
1310203
563277
1224821
1224819
188791
187752
1677344
659127
1029177
397437
397432
397436
397435
397440
397439
397434
397431
397433
397441
629846
1073827
1073825
1073826
357289
1720823
1720819
1720820
1720822
1720821
983880
187012
187013
529549
1627059
1787240
1272691
1100536
1462564
1267293
48912
48972
1415385
862950
1656392
1656394
293299
1674219
1261039
1261038
1259251
1261049
1730116
1730211
1504020
1333058
1333057
1333059
1711875
1712120
1713643
966386
150797
150290
154649
154648
150025
667685
668175
666572
844439
843403
907558
906345
907424
906440
905911
663024
1654112
351930
371005
371006
1511586
922724
1612865
1612867
1612866
281557
281558
1245351
1244472
1376745
1378580
1379307
1381239
1382057
1375452
1378829
1375066
1375341
1507477
1449590
1451279
1450759
1449517
1453231
1451396
1449601
1503825
1426683
1427106
902439
903427
903570
699984
115134
950112
1670605
1670606
960093
147839
147841
147840
222595
198681
1310071
439122
440479
440478
300453
1548221
1548222
680322
679737
680323
680278
971202
477927
477928
785267
1159278
1653668
387884
385538
382092
383495
382360
382691
381816
875283
1389282
983352
981313
981213
972
554657
554607
553998
554606
490008
490009
490006
490004
490007
490005
76941
75987
76399
1515874
511756
511754
511751
511755
511753
511752
1207654
1208136
295217
1297174
1297175
1576143
1576111
1576077
1576141
1576121
1576107
1576117
1576136
1576116
1576097
1576115
1576123
1576130
1576078
1576132
1576127
1576086
1576144
1576098
1576142
1576131
1576095
1576087
1616416
927124
927123
1648893
1204969
1204970
1204971
1771681
944113
944111
942924
1371560
1371559
1803428
1803426
1803427
778544
1330344
639698
1199269
1199861
367521
1477344
1477253
1552084
298213
297726
298508
1488241
1273457
1273458
1658104
1137710
1382273
262831
262953
1025380
1080499
1080621
1178426
1178425
519802
1667178
1668117
1670034
1666142
1669187
1666803
1669917
1670035
1667387
961109
1231239
1233448
1465882
1465961
1467239
1464987
967140
256429
256787
1131856
1133138
1131835
1131605
933212
893318
753721
754454
753611
295148
288330
1829636
1829550
1829242
397105
1192406
1192892
411766
411767
411765
1235327
161994
724720
724718
724719
635871
635860
1369675
1447533
1448271
1033468
1308695
1375002
856651
856970
858219
1636258
1250571
352832
352831
352834
527964
527509
752047
1665138
1665140
1665137
1663144
1665139
524806
949496
1615322
1615060
250138
250145
250144
250143
250141
250140
250139
250142
81144
81146
81145
1735462
1735583
1736103
1337452
1337454
873940
870931
1422255
754852
754851
796613
796611
796615
796616
796614
796612
193371
193372
1326923
1325105
1030858
290037
1085832
127582
1317349
1344123
79013
646553
646552
646554
1131524
115420
212215
1147779
1145711
1147692
1143792
1117403
1593686
1461234
92219
92220
92222
92221
488926
310761
310762
310763
1546297
165459
911220
911222
911221
1317260
1783198
1783197
670289
669543
836013
836012
836014
1239309
1239308
444825
515734
517451
607943
919122
1779488
1780014
1780007
1780006
1780008
1566446
400122
399572
1024473
1024475
1024471
1024472
1024470
72932
1704348
1654158
517798
908370
65711
1190833
1190834
927948
927947
1310614
1310544
864851
865535
865534
679228
679237
1308512
1238548
1186098
1218313
1218312
1140674
160556
160555
1230507
1236716
49727
49695
49683
1315411
892411
1288178
1288060
1286857
1286937
1229635
1318497
1080324
1080323
1080321
1080322
1761998
358722
358723
1552762
434519
435006
680849
278258
278262
278254
278257
278261
78314
461289
658513
688168
538288
538293
538300
538297
538290
538294
313439
313440
313441
315687
1532123
1532122
1532124
114042
114041
1446666
1446405
37441
37443
37226
758004
757915
757986
758877
666218
46358
46356
46357
46359
708040
220318
231657
1400550
512748
586056
405501
405500
405499
1027567
1027904
1027905
429922
755532
305528
302624
306343
303767
305527
304748
1123078
1226064
1226033
1226123
716415
716416
1721021
541950
541951
446235
446233
446234
1017919
1017429
1018520
70566
922018
922019
1597388
1597389
1597390
681896
681897
681898
392537
390150
392536
389858
55619
55617
55620
55616
55618
55622
55621
926060
78704
1689825
1689799
1689826
1682611
1682774
1682794
1683076
1682771
1684144
1682818
1684146
1683235
1684143
1443924
1138259
1588579
1588423
1588808
1831100
1829721
1337712
986524
986522
986523
986527
986525
986528
986526
122532
28228
27918
23682
25734
26362
26171
27915
27916
22887
1741342
881438
881857
555097
575262
125321
125324
125322
125323
261728
488337
488336
1729863
1729883
815716
815715
815717
815718
815714
1640669
1770727
1770009
1309506
1309505
328256
1206459
1556353
1636325
1636327
1636328
1125232
1125851
1125238
1123400
1123496
97967
561826
561770
561944
561591
1237280
213060
213059
213058
259008
259007
1100404
1063790
1063788
1063789
1063793
1063792
1063791
666120
595062
926049
926050
1075595
788076
788082
788079
788074
788070
788072
788080
788071
788073
788081
788077
788075
788078
598407
598409
598408
668301
668300
668299
1272638
726209
407862
1247058
1248854
628433
1077699
855485
852919
1529998
1324765
1324766
941515
1416298
1748593
1748831
1181448
759038
759694
175364
175407
175397
403107
540280
1317579
1317578
991663
991327
991536
993465
992865
991007
991446
991674
1390537
1390545
1781696
675320
77566
77565
437915
437914
1056218
145403
145913
145025
1503232
1503105
35852
317213
643216
274295
274294
414629
414661
415775
1088115
1230022
1064193
1064689
948322
834375
1150702
1074040
491170
1073594
254649
225366
512335
512300
425937
1308649
723731
1153779
1691847
1690028
1690260
1691848
1168828
1170834
1168066
1171420
550157
1083359
271798
864476
864303
1556504
1556505
584015
1308721
1308811
1793876
1793875
1793877
1393625
1208314
1209356
1191169
1254176
947642
1075725
1075804
1014621
626650
769285
769783
46211
1185520
1185521
1185543
1183307
913097
914231
913583
913117
17364
15305
17363
15656
16005
1404760
1404759
1491271
1491276
1491266
1491272
1491278
1491270
1491275
1491263
1491274
1491281
1305597
1695362
1430192
870773
360782
360784
360783
1594331
1811201
1811134
1811166
598604
598605
1470104
1470106
1470103
1470102
1470107
1470135
1470105
641101
641102
641099
641100
371359
1258255
1258886
795714
795715
1455993
1455964
1732366
1732370
1732367
1732368
1732371
1065644
940715
1088554
1473439
1475789
1473802
1475792
1473715
1473156
1475791
1475788
1015356
1156335
1156059
1592997
1593210
1593211
789128
789129
789127
503273
592976
592978
1722905
1722187
296796
297487
90633
90637
603164
603166
603154
603161
603162
603165
603167
603157
603168
603155
777283
777284
777285
777287
777286
777288
777289
424095
1620349
697798
697797
697796
1562795
455929
456190
48386
700953
409195
409174
409196
409172
409177
409190
409170
409178
409186
409192
409180
409188
409193
409194
409184
409187
409176
409183
409191
409182
409189
409179
1576381
1219139
161398
879408
879409
877806
527301
527300
85348
85349
85351
85350
783811
1779373
1761927
1637020
1637026
1637014
1637022
1637023
1637016
1637013
1637010
1637019
1637012
1637021
1637025
1637015
1637011
1637018
1637027
1637017
1637024
1050829
1565070
677197
1801671
1801672
924805
924216
1110153
82106
81521
923559
1440243
1078407
908175
1084479
1590904
1046138
1606042
1606041
720950
1314645
927171
1472283
1490189
1490522
326371
510660
687246
686793
278743
371431
540537
540538
812053
1511312
1511311
1511313
602171
602169
602172
602168
602170
602167
148492
148680
1117608
972894
1115666
1115783
1115624
1115659
1115748
1115789
1115578
1115763
1115707
1115567
1115734
1115701
1115658
1115779
1115674
1115782
1115668
1115749
1115692
1115704
1115589
1115722
1115743
1115778
1115626
1115747
1115637
1115753
1115586
1115683
1115790
1115689
1115612
1115754
1115728
1115690
1115596
1115636
1115771
1115606
1115724
1115719
1115711
1115774
1115664
1115627
1115577
1115686
1115695
1115700
1115696
1115760
1115570
1115769
1115649
1115716
1115595
1115723
1115766
1115635
1115654
1115714
1115733
1115631
1115786
1115775
1115751
1115647
1115685
1115702
1115785
1115773
1115777
1115650
1115765
1115638
1115713
1115784
1115693
1115787
1115767
1115665
1115667
1115648
1115671
1115580
1115622
1115706
1115642
1115761
1115742
1115678
1115757
1115662
1115781
1115727
1115602
1115740
1115661
1115697
1115788
1115672
1115741
1115633
1115628
1115680
1115705
1115725
1115688
1115645
1115684
1115737
1115669
1115762
1115618
1115663
1115768
1115772
1115620
1115770
1115673
1115634
1115687
1590661
1765210
1767165
1764804
1765585
456727
751227
9514
1625342
553757
1385406
1385401
756495
756496
1751723
259646
259645
1181987
1684552
1684553
49595
49593
49596
49594
1231033
1501519
1501520
126388
1539591
1533691
1534384
1533401
549351
841943
841946
841944
1191625
1191487
1439444
1293080
1292639
657164
1276719
1276721
1276720
627110
77490
20808
20429
1758256
1350383
1441412
1441411
352174
1111016
962724
962737
962725
962699
962740
962689
962742
962730
962694
962741
962736
962721
962735
962739
962697
962690
962696
174271
174103
172876
174119
174252
174529
1111824
1273887
210742
64483
63955
1150198
3571
1089466
1089179
1089391
1586449
190146
190596
1423712
1627121
1627616
1561568
1561623
1653884
1653889
1653885
1653888
1653887
1538512
1536258
1539382
1702090
1701941
1700934
1003903
1518631
70314
253308
253307
875890
1600562
1600274
1343907
1278456
31730
712938
712941
712940
712939
712937
311986
311987
1456648
72619
72620
1563734
607300
607631
1420274
1420284
1420956
243095
1077500
1077487
1077491
1077510
1077498
1077503
1077486
1077511
1077509
1077488
1077502
1077497
1077505
1077490
1077492
1077495
1077501
1077507
1077489
1077493
1077508
1077506
1077494
1077504
1112330
1386893
1386894
327352
949449
1518194
1614553
1614554
1754973
1754972
1782361
1782360
1045808
1677632
1678088
1713957
1652915
1807012
239652
899465
659105
95910
1653720
1398454
1398453
37070
37071
508626
976865
1697593
847932
847933
689335
932059
958930
1040705
1041449
1041052
1758046
1416400
8707
124221
124220
124219
124222
164794
164796
164795
1652025
1307948
745923
744655
204305
204996
204993
1458952
1457256
294120
294084
558341
558342
719846
374964
1066827
1816728
899131
806584
806866
807025
911199
908816
1753818
1256756
1256755
1256757
752985
752984
752982
752979
752983
752981
752980
623704
623705
1626891
1626890
1626889
659763
646763
646753
646756
646736
646732
646755
646727
646743
646739
646733
646724
646747
646729
646750
646714
646726
646720
646760
646748
646751
646737
646744
646718
646740
646728
646762
646734
646722
646709
646742
646759
646706
646741
646752
1051915
1055601
1055636
1055602
209601
209609
209595
209607
209591
209605
209611
209606
209588
1652840
1014468
2679
822940
825845
1437462
1527503
1527502
1527504
351143
351144
1480704
114030
114031
595318
1835117
1835743
213885
213884
365125
365124
1043225
1043224
1042760
300730
300556
1078619
738929
981096
981095
981097
1432286
1432285
373587
1738978
1737169
1737372
1737519
1737496
94189
201738
829824
1178692
267909
1038362
1685705
387469
387434
1649473
1649472
251940
1340595
1340591
799428
114737
1011745
1011837
333150
1111481
1111482
1339211
1771385
1803191
1803194
1803192
1803193
317559
113260
113327
113261
113259
978753
978752
103016
101744
101491
103561
705465
706529
705579
1431019
662369
1783304
1783792
1783791
87023
87024
87028
87027
87025
1107489
1106647
688814
618069
116161
922136
922144
922152
922156
922146
922154
922143
922145
922137
922151
922140
922153
922155
922148
922150
922149
311136
311135
311137
1437050
1437229
1149265
1244240
1244239
510442
1249319
59203
59202
59204
59205
885285
1548525
312969
1408291
1408260
1406322
504591
1606260
1604783
1604731
1237310
1237313
1237311
1237314
1549618
1142217
1142216
772860
771864
567111
546357
546358
546355
546354
546356
1152217
1152896
149116
1747028
680373
1252815
1252813
730780
730779
730778
178132
178131
543514
1582449
1582566
1344851
1345584
1162498
1025262
1781192
1781193
1781194
1006173
1228935
1409875
1598348
249205
665054
665055
891947
926101
1645427
227307
198266
198267
1735027
1735031
1735026
1735030
1735029
1735028
1735032
1198238
1198108
373330
373331
226529
1790855
1790876
1790848
1790877
1790866
1790840
1790851
1790860
1790854
1790842
1790872
1790863
1790883
1790864
1790867
1790857
1790846
1790861
1790874
1790882
1790873
1790881
1790844
1790841
1790884
1790838
1790865
1790862
1790859
1790885
1790868
1790839
1790852
1790858
1790845
1790880
1790878
1790870
1790871
1790843
1790849
1790856
1790879
1790853
1790847
603867
603869
603866
603870
603871
603872
603868
1752845
133181
135435
1355471
1355526
265777
265927
1241834
1241837
1241833
1241839
1241835
1031253
988210
990825
987125
988071
987119
1563109
1563110
1812977
1797877
1037203
896650
896651
896649
32056
33870
32497
31809
70996
838860
838861
802456
47794
368235
369643
369645
369644
500745
500747
500748
500746
1058435
1058436
266368
266367
356038
328095
227595
227596
1116310
1116293
14260
13890
130429
501940
502243
502823
1463444
1093782
634486
651264
721858
721368
723052
344480
342431
342732
343443
396682
393933
816206
1108750
1533013
182691
1648245
1647709
1648408
334483
162290
163616
163867
517601
517602
517603
793076
794382
792775
1123004
1123005
846115
1627053
264382
264577
263742
263173
125180
1254987
535238
535229
533445
534346
1286301
576213
576557
576157
576145
577780
576390
577312
577862
